<?xml version="1.0" encoding="UTF-8"?>
<testsuite name="numble.deploy.server.temp.TempTest" tests="1" skipped="0" failures="0" errors="0" timestamp="2023-04-05T12:55:32" hostname="ggam-nyangui-MacBookPro.local" time="0.027">
  <properties/>
  <testcase name="temp()" classname="numble.deploy.server.temp.TempTest" time="0.027"/>
  <system-out><![CDATA[]]></system-out>
  <system-err><![CDATA[]]></system-err>
</testsuite>
